2021-05-29 08:55:11.275  INFO 27592 --- [main] f.t.s.SafetyNetAlertsApplication         : Starting SafetyNetAlertsApplication using Java 11.0.10 on ThinkCenter-AV78 with PID 27592 (C:\JAVA\Nelson Jamal\SafetyNet-Alerts\target\classes started by ThinkCenter in C:\JAVA\Nelson Jamal\SafetyNet-Alerts)
2021-05-29 08:55:11.282 DEBUG 27592 --- [main] f.t.s.SafetyNetAlertsApplication         : Running with Spring Boot v2.5.0, Spring v5.3.7
2021-05-29 08:55:11.283  INFO 27592 --- [main] f.t.s.SafetyNetAlertsApplication         : No active profile set, falling back to default profiles: default
2021-05-29 08:55:12.451  INFO 27592 --- [main] .s.d.r.c.RepositoryConfigurationDelegate : Bootstrapping Spring Data JPA repositories in DEFAULT mode.
2021-05-29 08:55:12.527  INFO 27592 --- [main] .s.d.r.c.RepositoryConfigurationDelegate : Finished Spring Data repository scanning in 64 ms. Found 3 JPA repository interfaces.
2021-05-29 08:55:12.842  INFO 27592 --- [main] trationDelegate$BeanPostProcessorChecker : Bean 'management.metrics-org.springframework.boot.actuate.autoconfigure.metrics.MetricsProperties' of type [org.springframework.boot.actuate.autoconfigure.metrics.MetricsProperties] is not eligible for getting processed by all BeanPostProcessors (for example: not eligible for auto-proxying)
2021-05-29 08:55:12.843  INFO 27592 --- [main] trationDelegate$BeanPostProcessorChecker : Bean 'org.springframework.boot.actuate.autoconfigure.metrics.data.RepositoryMetricsAutoConfiguration' of type [org.springframework.boot.actuate.autoconfigure.metrics.data.RepositoryMetricsAutoConfiguration] is not eligible for getting processed by all BeanPostProcessors (for example: not eligible for auto-proxying)
2021-05-29 08:55:12.844  INFO 27592 --- [main] trationDelegate$BeanPostProcessorChecker : Bean 'org.springframework.boot.actuate.autoconfigure.metrics.export.simple.SimpleMetricsExportAutoConfiguration' of type [org.springframework.boot.actuate.autoconfigure.metrics.export.simple.SimpleMetricsExportAutoConfiguration] is not eligible for getting processed by all BeanPostProcessors (for example: not eligible for auto-proxying)
2021-05-29 08:55:12.848  INFO 27592 --- [main] trationDelegate$BeanPostProcessorChecker : Bean 'management.metrics.export.simple-org.springframework.boot.actuate.autoconfigure.metrics.export.simple.SimpleProperties' of type [org.springframework.boot.actuate.autoconfigure.metrics.export.simple.SimpleProperties] is not eligible for getting processed by all BeanPostProcessors (for example: not eligible for auto-proxying)
2021-05-29 08:55:12.860  INFO 27592 --- [main] trationDelegate$BeanPostProcessorChecker : Bean 'simpleConfig' of type [org.springframework.boot.actuate.autoconfigure.metrics.export.simple.SimplePropertiesConfigAdapter] is not eligible for getting processed by all BeanPostProcessors (for example: not eligible for auto-proxying)
2021-05-29 08:55:12.864  INFO 27592 --- [main] trationDelegate$BeanPostProcessorChecker : Bean 'org.springframework.boot.actuate.autoconfigure.metrics.MetricsAutoConfiguration' of type [org.springframework.boot.actuate.autoconfigure.metrics.MetricsAutoConfiguration] is not eligible for getting processed by all BeanPostProcessors (for example: not eligible for auto-proxying)
2021-05-29 08:55:12.864  INFO 27592 --- [main] trationDelegate$BeanPostProcessorChecker : Bean 'micrometerClock' of type [io.micrometer.core.instrument.Clock$1] is not eligible for getting processed by all BeanPostProcessors (for example: not eligible for auto-proxying)
2021-05-29 08:55:12.879  INFO 27592 --- [main] trationDelegate$BeanPostProcessorChecker : Bean 'simpleMeterRegistry' of type [io.micrometer.core.instrument.simple.SimpleMeterRegistry] is not eligible for getting processed by all BeanPostProcessors (for example: not eligible for auto-proxying)
2021-05-29 08:55:12.883  INFO 27592 --- [main] trationDelegate$BeanPostProcessorChecker : Bean 'repositoryTagsProvider' of type [org.springframework.boot.actuate.metrics.data.DefaultRepositoryTagsProvider] is not eligible for getting processed by all BeanPostProcessors (for example: not eligible for auto-proxying)
2021-05-29 08:55:12.884  INFO 27592 --- [main] trationDelegate$BeanPostProcessorChecker : Bean 'metricsRepositoryMethodInvocationListener' of type [org.springframework.boot.actuate.metrics.data.MetricsRepositoryMethodInvocationListener] is not eligible for getting processed by all BeanPostProcessors (for example: not eligible for auto-proxying)
2021-05-29 08:55:13.154  INFO 27592 --- [main] o.s.b.w.embedded.tomcat.TomcatWebServer  : Tomcat initialized with port(s): 8080 (http)
2021-05-29 08:55:13.284  INFO 27592 --- [main] w.s.c.ServletWebServerApplicationContext : Root WebApplicationContext: initialization completed in 1954 ms
2021-05-29 08:55:13.476  INFO 27592 --- [main] o.s.b.a.h2.H2ConsoleAutoConfiguration    : H2 console available at '/h2-console'. Database available at 'jdbc:mysql://localhost:3306/safetynet_db'
2021-05-29 08:55:14.687  INFO 27592 --- [main] j.LocalContainerEntityManagerFactoryBean : Initialized JPA EntityManagerFactory for persistence unit 'default'
2021-05-29 08:55:15.169  WARN 27592 --- [main] JpaBaseConfiguration$JpaWebConfiguration : spring.jpa.open-in-view is enabled by default. Therefore, database queries may be performed during view rendering. Explicitly configure spring.jpa.open-in-view to disable this warning
2021-05-29 08:55:15.636  INFO 27592 --- [main] o.s.b.a.e.web.EndpointLinksResolver      : Exposing 14 endpoint(s) beneath base path '/actuator'
2021-05-29 08:55:15.702  INFO 27592 --- [main] o.s.b.w.embedded.tomcat.TomcatWebServer  : Tomcat started on port(s): 8080 (http) with context path ''
2021-05-29 08:55:15.716  INFO 27592 --- [main] f.t.s.SafetyNetAlertsApplication         : Started SafetyNetAlertsApplication in 4.907 seconds (JVM running for 6.31)
2021-05-29 08:55:15.724  INFO 27592 --- [main] o.s.b.a.ApplicationAvailabilityBean      : Application availability state LivenessState changed to CORRECT
2021-05-29 08:55:16.034  INFO 27592 --- [main] o.s.b.a.ApplicationAvailabilityBean      : Application availability state ReadinessState changed to ACCEPTING_TRAFFIC
2021-05-29 08:55:16.873  INFO 27592 --- [RMI TCP Connection(2)-192.168.95.1] o.s.web.servlet.DispatcherServlet        : Initializing Servlet 'dispatcherServlet'
2021-05-29 08:55:16.875  INFO 27592 --- [RMI TCP Connection(2)-192.168.95.1] o.s.web.servlet.DispatcherServlet        : Completed initialization in 1 ms
2021-05-29 08:55:37.142  INFO 27592 --- [http-nio-8080-exec-1] f.t.s.controllers.ChildAlertController   : Request : GET http://localhost:8080/childAlert?address=1509 Culver St
2021-05-29 08:55:37.206  INFO 27592 --- [http-nio-8080-exec-1] f.t.s.controllers.ChildAlertController   : Return : Body :ChildAlertDto(children=[ChildDto(firstName=Roger, lastName=Boyd, age=3), ChildDto(firstName=Tenley, lastName=Boyd, age=9)], childrenHousehold=[ChildHouseholdDto(firstName=Felicia, lastName=Boyd), ChildHouseholdDto(firstName=Jacob, lastName=Boyd), ChildHouseholdDto(firstName=John, lastName=Boyd)])
2021-05-29 09:03:06.265  INFO 27592 --- [http-nio-8080-exec-5] f.t.s.controllers.ChildAlertController   : Request : GET http://localhost:8080/childAlert?address=1509 Culver St
2021-05-29 09:03:06.277  INFO 27592 --- [http-nio-8080-exec-5] f.t.s.controllers.ChildAlertController   : Return : Body :ChildAlertDto(children=[ChildDto(firstName=Roger, lastName=Boyd, age=3), ChildDto(firstName=Tenley, lastName=Boyd, age=9)], childrenHousehold=[ChildHouseholdDto(firstName=Felicia, lastName=Boyd), ChildHouseholdDto(firstName=Jacob, lastName=Boyd), ChildHouseholdDto(firstName=John, lastName=Boyd)])
2021-05-29 09:03:44.648  INFO 15324 --- [main] f.t.s.SafetyNetAlertsApplication         : Starting SafetyNetAlertsApplication using Java 11.0.10 on ThinkCenter-AV78 with PID 15324 (C:\JAVA\Nelson Jamal\SafetyNet-Alerts\target\classes started by ThinkCenter in C:\JAVA\Nelson Jamal\SafetyNet-Alerts)
2021-05-29 09:03:44.650 DEBUG 15324 --- [main] f.t.s.SafetyNetAlertsApplication         : Running with Spring Boot v2.5.0, Spring v5.3.7
2021-05-29 09:03:44.651  INFO 15324 --- [main] f.t.s.SafetyNetAlertsApplication         : No active profile set, falling back to default profiles: default
2021-05-29 09:03:45.580  INFO 15324 --- [main] .s.d.r.c.RepositoryConfigurationDelegate : Bootstrapping Spring Data JPA repositories in DEFAULT mode.
2021-05-29 09:03:45.646  INFO 15324 --- [main] .s.d.r.c.RepositoryConfigurationDelegate : Finished Spring Data repository scanning in 57 ms. Found 3 JPA repository interfaces.
2021-05-29 09:03:45.935  INFO 15324 --- [main] trationDelegate$BeanPostProcessorChecker : Bean 'management.metrics-org.springframework.boot.actuate.autoconfigure.metrics.MetricsProperties' of type [org.springframework.boot.actuate.autoconfigure.metrics.MetricsProperties] is not eligible for getting processed by all BeanPostProcessors (for example: not eligible for auto-proxying)
2021-05-29 09:03:45.936  INFO 15324 --- [main] trationDelegate$BeanPostProcessorChecker : Bean 'org.springframework.boot.actuate.autoconfigure.metrics.data.RepositoryMetricsAutoConfiguration' of type [org.springframework.boot.actuate.autoconfigure.metrics.data.RepositoryMetricsAutoConfiguration] is not eligible for getting processed by all BeanPostProcessors (for example: not eligible for auto-proxying)
2021-05-29 09:03:45.937  INFO 15324 --- [main] trationDelegate$BeanPostProcessorChecker : Bean 'org.springframework.boot.actuate.autoconfigure.metrics.export.simple.SimpleMetricsExportAutoConfiguration' of type [org.springframework.boot.actuate.autoconfigure.metrics.export.simple.SimpleMetricsExportAutoConfiguration] is not eligible for getting processed by all BeanPostProcessors (for example: not eligible for auto-proxying)
2021-05-29 09:03:45.940  INFO 15324 --- [main] trationDelegate$BeanPostProcessorChecker : Bean 'management.metrics.export.simple-org.springframework.boot.actuate.autoconfigure.metrics.export.simple.SimpleProperties' of type [org.springframework.boot.actuate.autoconfigure.metrics.export.simple.SimpleProperties] is not eligible for getting processed by all BeanPostProcessors (for example: not eligible for auto-proxying)
2021-05-29 09:03:45.942  INFO 15324 --- [main] trationDelegate$BeanPostProcessorChecker : Bean 'simpleConfig' of type [org.springframework.boot.actuate.autoconfigure.metrics.export.simple.SimplePropertiesConfigAdapter] is not eligible for getting processed by all BeanPostProcessors (for example: not eligible for auto-proxying)
2021-05-29 09:03:45.945  INFO 15324 --- [main] trationDelegate$BeanPostProcessorChecker : Bean 'org.springframework.boot.actuate.autoconfigure.metrics.MetricsAutoConfiguration' of type [org.springframework.boot.actuate.autoconfigure.metrics.MetricsAutoConfiguration] is not eligible for getting processed by all BeanPostProcessors (for example: not eligible for auto-proxying)
2021-05-29 09:03:45.945  INFO 15324 --- [main] trationDelegate$BeanPostProcessorChecker : Bean 'micrometerClock' of type [io.micrometer.core.instrument.Clock$1] is not eligible for getting processed by all BeanPostProcessors (for example: not eligible for auto-proxying)
2021-05-29 09:03:45.959  INFO 15324 --- [main] trationDelegate$BeanPostProcessorChecker : Bean 'simpleMeterRegistry' of type [io.micrometer.core.instrument.simple.SimpleMeterRegistry] is not eligible for getting processed by all BeanPostProcessors (for example: not eligible for auto-proxying)
2021-05-29 09:03:45.962  INFO 15324 --- [main] trationDelegate$BeanPostProcessorChecker : Bean 'repositoryTagsProvider' of type [org.springframework.boot.actuate.metrics.data.DefaultRepositoryTagsProvider] is not eligible for getting processed by all BeanPostProcessors (for example: not eligible for auto-proxying)
2021-05-29 09:03:45.963  INFO 15324 --- [main] trationDelegate$BeanPostProcessorChecker : Bean 'metricsRepositoryMethodInvocationListener' of type [org.springframework.boot.actuate.metrics.data.MetricsRepositoryMethodInvocationListener] is not eligible for getting processed by all BeanPostProcessors (for example: not eligible for auto-proxying)
2021-05-29 09:03:46.171  INFO 15324 --- [main] o.s.b.w.embedded.tomcat.TomcatWebServer  : Tomcat initialized with port(s): 8080 (http)
2021-05-29 09:03:46.284  INFO 15324 --- [main] w.s.c.ServletWebServerApplicationContext : Root WebApplicationContext: initialization completed in 1582 ms
2021-05-29 09:03:46.449  INFO 15324 --- [main] o.s.b.a.h2.H2ConsoleAutoConfiguration    : H2 console available at '/h2-console'. Database available at 'jdbc:mysql://localhost:3306/safetynet_db'
2021-05-29 09:03:47.463  INFO 15324 --- [main] j.LocalContainerEntityManagerFactoryBean : Initialized JPA EntityManagerFactory for persistence unit 'default'
2021-05-29 09:03:47.962  WARN 15324 --- [main] JpaBaseConfiguration$JpaWebConfiguration : spring.jpa.open-in-view is enabled by default. Therefore, database queries may be performed during view rendering. Explicitly configure spring.jpa.open-in-view to disable this warning
2021-05-29 09:03:48.438  INFO 15324 --- [main] o.s.b.a.e.web.EndpointLinksResolver      : Exposing 14 endpoint(s) beneath base path '/actuator'
2021-05-29 09:03:48.497  INFO 15324 --- [main] o.s.b.w.embedded.tomcat.TomcatWebServer  : Tomcat started on port(s): 8080 (http) with context path ''
2021-05-29 09:03:48.512  INFO 15324 --- [main] f.t.s.SafetyNetAlertsApplication         : Started SafetyNetAlertsApplication in 4.329 seconds (JVM running for 5.562)
2021-05-29 09:03:48.520  INFO 15324 --- [main] o.s.b.a.ApplicationAvailabilityBean      : Application availability state LivenessState changed to CORRECT
2021-05-29 09:03:48.797  INFO 15324 --- [main] o.s.b.a.ApplicationAvailabilityBean      : Application availability state ReadinessState changed to ACCEPTING_TRAFFIC
2021-05-29 09:03:49.753  INFO 15324 --- [RMI TCP Connection(2)-192.168.95.1] o.s.web.servlet.DispatcherServlet        : Initializing Servlet 'dispatcherServlet'
2021-05-29 09:03:49.755  INFO 15324 --- [RMI TCP Connection(2)-192.168.95.1] o.s.web.servlet.DispatcherServlet        : Completed initialization in 1 ms
2021-05-29 09:04:35.405  INFO 15324 --- [http-nio-8080-exec-1] f.t.s.controllers.ChildAlertController   : Request : GET http://localhost:8080/childAlert?address=1509 Culver St
2021-05-29 09:04:35.534  INFO 15324 --- [http-nio-8080-exec-1] f.t.s.controllers.ChildAlertController   : Return : Body :ChildAlertDto(children=[ChildDto(firstName=Roger, lastName=Boyd, age=3), ChildDto(firstName=Tenley, lastName=Boyd, age=9)], childrenHousehold=[ChildHouseholdDto(firstName=Felicia, lastName=Boyd), ChildHouseholdDto(firstName=Jacob, lastName=Boyd), ChildHouseholdDto(firstName=John, lastName=Boyd)])
2021-05-29 09:05:34.489  INFO 16684 --- [main] f.t.s.SafetyNetAlertsApplication         : Starting SafetyNetAlertsApplication using Java 11.0.10 on ThinkCenter-AV78 with PID 16684 (C:\JAVA\Nelson Jamal\SafetyNet-Alerts\target\classes started by ThinkCenter in C:\JAVA\Nelson Jamal\SafetyNet-Alerts)
2021-05-29 09:05:34.492 DEBUG 16684 --- [main] f.t.s.SafetyNetAlertsApplication         : Running with Spring Boot v2.5.0, Spring v5.3.7
2021-05-29 09:05:34.493  INFO 16684 --- [main] f.t.s.SafetyNetAlertsApplication         : No active profile set, falling back to default profiles: default
2021-05-29 09:05:35.388  INFO 16684 --- [main] .s.d.r.c.RepositoryConfigurationDelegate : Bootstrapping Spring Data JPA repositories in DEFAULT mode.
2021-05-29 09:05:35.462  INFO 16684 --- [main] .s.d.r.c.RepositoryConfigurationDelegate : Finished Spring Data repository scanning in 65 ms. Found 3 JPA repository interfaces.
2021-05-29 09:05:35.762  INFO 16684 --- [main] trationDelegate$BeanPostProcessorChecker : Bean 'management.metrics-org.springframework.boot.actuate.autoconfigure.metrics.MetricsProperties' of type [org.springframework.boot.actuate.autoconfigure.metrics.MetricsProperties] is not eligible for getting processed by all BeanPostProcessors (for example: not eligible for auto-proxying)
2021-05-29 09:05:35.763  INFO 16684 --- [main] trationDelegate$BeanPostProcessorChecker : Bean 'org.springframework.boot.actuate.autoconfigure.metrics.data.RepositoryMetricsAutoConfiguration' of type [org.springframework.boot.actuate.autoconfigure.metrics.data.RepositoryMetricsAutoConfiguration] is not eligible for getting processed by all BeanPostProcessors (for example: not eligible for auto-proxying)
2021-05-29 09:05:35.764  INFO 16684 --- [main] trationDelegate$BeanPostProcessorChecker : Bean 'org.springframework.boot.actuate.autoconfigure.metrics.export.simple.SimpleMetricsExportAutoConfiguration' of type [org.springframework.boot.actuate.autoconfigure.metrics.export.simple.SimpleMetricsExportAutoConfiguration] is not eligible for getting processed by all BeanPostProcessors (for example: not eligible for auto-proxying)
2021-05-29 09:05:35.767  INFO 16684 --- [main] trationDelegate$BeanPostProcessorChecker : Bean 'management.metrics.export.simple-org.springframework.boot.actuate.autoconfigure.metrics.export.simple.SimpleProperties' of type [org.springframework.boot.actuate.autoconfigure.metrics.export.simple.SimpleProperties] is not eligible for getting processed by all BeanPostProcessors (for example: not eligible for auto-proxying)
2021-05-29 09:05:35.769  INFO 16684 --- [main] trationDelegate$BeanPostProcessorChecker : Bean 'simpleConfig' of type [org.springframework.boot.actuate.autoconfigure.metrics.export.simple.SimplePropertiesConfigAdapter] is not eligible for getting processed by all BeanPostProcessors (for example: not eligible for auto-proxying)
2021-05-29 09:05:35.772  INFO 16684 --- [main] trationDelegate$BeanPostProcessorChecker : Bean 'org.springframework.boot.actuate.autoconfigure.metrics.MetricsAutoConfiguration' of type [org.springframework.boot.actuate.autoconfigure.metrics.MetricsAutoConfiguration] is not eligible for getting processed by all BeanPostProcessors (for example: not eligible for auto-proxying)
2021-05-29 09:05:35.773  INFO 16684 --- [main] trationDelegate$BeanPostProcessorChecker : Bean 'micrometerClock' of type [io.micrometer.core.instrument.Clock$1] is not eligible for getting processed by all BeanPostProcessors (for example: not eligible for auto-proxying)
2021-05-29 09:05:35.787  INFO 16684 --- [main] trationDelegate$BeanPostProcessorChecker : Bean 'simpleMeterRegistry' of type [io.micrometer.core.instrument.simple.SimpleMeterRegistry] is not eligible for getting processed by all BeanPostProcessors (for example: not eligible for auto-proxying)
2021-05-29 09:05:35.791  INFO 16684 --- [main] trationDelegate$BeanPostProcessorChecker : Bean 'repositoryTagsProvider' of type [org.springframework.boot.actuate.metrics.data.DefaultRepositoryTagsProvider] is not eligible for getting processed by all BeanPostProcessors (for example: not eligible for auto-proxying)
2021-05-29 09:05:35.792  INFO 16684 --- [main] trationDelegate$BeanPostProcessorChecker : Bean 'metricsRepositoryMethodInvocationListener' of type [org.springframework.boot.actuate.metrics.data.MetricsRepositoryMethodInvocationListener] is not eligible for getting processed by all BeanPostProcessors (for example: not eligible for auto-proxying)
2021-05-29 09:05:36.019  INFO 16684 --- [main] o.s.b.w.embedded.tomcat.TomcatWebServer  : Tomcat initialized with port(s): 8080 (http)
2021-05-29 09:05:36.147  INFO 16684 --- [main] w.s.c.ServletWebServerApplicationContext : Root WebApplicationContext: initialization completed in 1609 ms
2021-05-29 09:05:36.311  INFO 16684 --- [main] o.s.b.a.h2.H2ConsoleAutoConfiguration    : H2 console available at '/h2-console'. Database available at 'jdbc:mysql://localhost:3306/safetynet_db'
2021-05-29 09:05:37.327  INFO 16684 --- [main] j.LocalContainerEntityManagerFactoryBean : Initialized JPA EntityManagerFactory for persistence unit 'default'
2021-05-29 09:05:37.804  WARN 16684 --- [main] JpaBaseConfiguration$JpaWebConfiguration : spring.jpa.open-in-view is enabled by default. Therefore, database queries may be performed during view rendering. Explicitly configure spring.jpa.open-in-view to disable this warning
2021-05-29 09:05:38.302  INFO 16684 --- [main] o.s.b.a.e.web.EndpointLinksResolver      : Exposing 14 endpoint(s) beneath base path '/actuator'
2021-05-29 09:05:38.359  INFO 16684 --- [main] o.s.b.w.embedded.tomcat.TomcatWebServer  : Tomcat started on port(s): 8080 (http) with context path ''
2021-05-29 09:05:38.375  INFO 16684 --- [main] f.t.s.SafetyNetAlertsApplication         : Started SafetyNetAlertsApplication in 4.376 seconds (JVM running for 5.582)
2021-05-29 09:05:38.383  INFO 16684 --- [main] o.s.b.a.ApplicationAvailabilityBean      : Application availability state LivenessState changed to CORRECT
2021-05-29 09:05:38.703  INFO 16684 --- [main] o.s.b.a.ApplicationAvailabilityBean      : Application availability state ReadinessState changed to ACCEPTING_TRAFFIC
2021-05-29 09:05:38.982  INFO 16684 --- [RMI TCP Connection(1)-192.168.95.1] o.s.web.servlet.DispatcherServlet        : Initializing Servlet 'dispatcherServlet'
2021-05-29 09:05:38.984  INFO 16684 --- [RMI TCP Connection(1)-192.168.95.1] o.s.web.servlet.DispatcherServlet        : Completed initialization in 1 ms
2021-05-29 09:05:54.693  INFO 16684 --- [http-nio-8080-exec-2] f.t.s.controllers.ChildAlertController   : Request : GET http://localhost:8080/childAlert?address=1509 Culver St
2021-05-29 09:05:54.767  INFO 16684 --- [http-nio-8080-exec-2] f.t.s.controllers.ChildAlertController   : Return : Body :ChildAlertDto(children=[ChildDto(firstName=Roger, lastName=Boyd, age=3), ChildDto(firstName=Tenley, lastName=Boyd, age=9)], childrenHousehold=[ChildHouseholdDto(firstName=Felicia, lastName=Boyd), ChildHouseholdDto(firstName=Jacob, lastName=Boyd), ChildHouseholdDto(firstName=John, lastName=Boyd)])
2021-05-29 09:06:58.004  INFO 17916 --- [main] f.t.s.SafetyNetAlertsApplication         : Starting SafetyNetAlertsApplication using Java 11.0.10 on ThinkCenter-AV78 with PID 17916 (C:\JAVA\Nelson Jamal\SafetyNet-Alerts\target\classes started by ThinkCenter in C:\JAVA\Nelson Jamal\SafetyNet-Alerts)
2021-05-29 09:06:58.007 DEBUG 17916 --- [main] f.t.s.SafetyNetAlertsApplication         : Running with Spring Boot v2.5.0, Spring v5.3.7
2021-05-29 09:06:58.008  INFO 17916 --- [main] f.t.s.SafetyNetAlertsApplication         : No active profile set, falling back to default profiles: default
2021-05-29 09:06:58.957  INFO 17916 --- [main] .s.d.r.c.RepositoryConfigurationDelegate : Bootstrapping Spring Data JPA repositories in DEFAULT mode.
2021-05-29 09:06:59.027  INFO 17916 --- [main] .s.d.r.c.RepositoryConfigurationDelegate : Finished Spring Data repository scanning in 60 ms. Found 3 JPA repository interfaces.
2021-05-29 09:06:59.322  INFO 17916 --- [main] trationDelegate$BeanPostProcessorChecker : Bean 'management.metrics-org.springframework.boot.actuate.autoconfigure.metrics.MetricsProperties' of type [org.springframework.boot.actuate.autoconfigure.metrics.MetricsProperties] is not eligible for getting processed by all BeanPostProcessors (for example: not eligible for auto-proxying)
2021-05-29 09:06:59.323  INFO 17916 --- [main] trationDelegate$BeanPostProcessorChecker : Bean 'org.springframework.boot.actuate.autoconfigure.metrics.data.RepositoryMetricsAutoConfiguration' of type [org.springframework.boot.actuate.autoconfigure.metrics.data.RepositoryMetricsAutoConfiguration] is not eligible for getting processed by all BeanPostProcessors (for example: not eligible for auto-proxying)
2021-05-29 09:06:59.324  INFO 17916 --- [main] trationDelegate$BeanPostProcessorChecker : Bean 'org.springframework.boot.actuate.autoconfigure.metrics.export.simple.SimpleMetricsExportAutoConfiguration' of type [org.springframework.boot.actuate.autoconfigure.metrics.export.simple.SimpleMetricsExportAutoConfiguration] is not eligible for getting processed by all BeanPostProcessors (for example: not eligible for auto-proxying)
2021-05-29 09:06:59.326  INFO 17916 --- [main] trationDelegate$BeanPostProcessorChecker : Bean 'management.metrics.export.simple-org.springframework.boot.actuate.autoconfigure.metrics.export.simple.SimpleProperties' of type [org.springframework.boot.actuate.autoconfigure.metrics.export.simple.SimpleProperties] is not eligible for getting processed by all BeanPostProcessors (for example: not eligible for auto-proxying)
2021-05-29 09:06:59.328  INFO 17916 --- [main] trationDelegate$BeanPostProcessorChecker : Bean 'simpleConfig' of type [org.springframework.boot.actuate.autoconfigure.metrics.export.simple.SimplePropertiesConfigAdapter] is not eligible for getting processed by all BeanPostProcessors (for example: not eligible for auto-proxying)
2021-05-29 09:06:59.331  INFO 17916 --- [main] trationDelegate$BeanPostProcessorChecker : Bean 'org.springframework.boot.actuate.autoconfigure.metrics.MetricsAutoConfiguration' of type [org.springframework.boot.actuate.autoconfigure.metrics.MetricsAutoConfiguration] is not eligible for getting processed by all BeanPostProcessors (for example: not eligible for auto-proxying)
2021-05-29 09:06:59.332  INFO 17916 --- [main] trationDelegate$BeanPostProcessorChecker : Bean 'micrometerClock' of type [io.micrometer.core.instrument.Clock$1] is not eligible for getting processed by all BeanPostProcessors (for example: not eligible for auto-proxying)
2021-05-29 09:06:59.346  INFO 17916 --- [main] trationDelegate$BeanPostProcessorChecker : Bean 'simpleMeterRegistry' of type [io.micrometer.core.instrument.simple.SimpleMeterRegistry] is not eligible for getting processed by all BeanPostProcessors (for example: not eligible for auto-proxying)
2021-05-29 09:06:59.349  INFO 17916 --- [main] trationDelegate$BeanPostProcessorChecker : Bean 'repositoryTagsProvider' of type [org.springframework.boot.actuate.metrics.data.DefaultRepositoryTagsProvider] is not eligible for getting processed by all BeanPostProcessors (for example: not eligible for auto-proxying)
2021-05-29 09:06:59.350  INFO 17916 --- [main] trationDelegate$BeanPostProcessorChecker : Bean 'metricsRepositoryMethodInvocationListener' of type [org.springframework.boot.actuate.metrics.data.MetricsRepositoryMethodInvocationListener] is not eligible for getting processed by all BeanPostProcessors (for example: not eligible for auto-proxying)
2021-05-29 09:06:59.572  INFO 17916 --- [main] o.s.b.w.embedded.tomcat.TomcatWebServer  : Tomcat initialized with port(s): 8080 (http)
2021-05-29 09:06:59.683  INFO 17916 --- [main] w.s.c.ServletWebServerApplicationContext : Root WebApplicationContext: initialization completed in 1619 ms
2021-05-29 09:06:59.845  INFO 17916 --- [main] o.s.b.a.h2.H2ConsoleAutoConfiguration    : H2 console available at '/h2-console'. Database available at 'jdbc:mysql://localhost:3306/safetynet_db'
2021-05-29 09:07:00.892  INFO 17916 --- [main] j.LocalContainerEntityManagerFactoryBean : Initialized JPA EntityManagerFactory for persistence unit 'default'
2021-05-29 09:07:01.369  WARN 17916 --- [main] JpaBaseConfiguration$JpaWebConfiguration : spring.jpa.open-in-view is enabled by default. Therefore, database queries may be performed during view rendering. Explicitly configure spring.jpa.open-in-view to disable this warning
2021-05-29 09:07:01.834  INFO 17916 --- [main] o.s.b.a.e.web.EndpointLinksResolver      : Exposing 14 endpoint(s) beneath base path '/actuator'
2021-05-29 09:07:01.892  INFO 17916 --- [main] o.s.b.w.embedded.tomcat.TomcatWebServer  : Tomcat started on port(s): 8080 (http) with context path ''
2021-05-29 09:07:01.908  INFO 17916 --- [main] f.t.s.SafetyNetAlertsApplication         : Started SafetyNetAlertsApplication in 4.475 seconds (JVM running for 5.656)
2021-05-29 09:07:01.916  INFO 17916 --- [main] o.s.b.a.ApplicationAvailabilityBean      : Application availability state LivenessState changed to CORRECT
2021-05-29 09:07:02.198  INFO 17916 --- [main] o.s.b.a.ApplicationAvailabilityBean      : Application availability state ReadinessState changed to ACCEPTING_TRAFFIC
2021-05-29 09:07:03.206  INFO 17916 --- [RMI TCP Connection(3)-192.168.95.1] o.s.web.servlet.DispatcherServlet        : Initializing Servlet 'dispatcherServlet'
2021-05-29 09:07:03.208  INFO 17916 --- [RMI TCP Connection(3)-192.168.95.1] o.s.web.servlet.DispatcherServlet        : Completed initialization in 1 ms
